frameworks/runtime-src/proj.android/app/build/outputs/logs/manifest-merger-debug-report.txt
-- Merging decision tree log ---
manifest
ADDED from src/main/AndroidManifest.xml:2:1-44:12
	package
		ADDED from src/main/AndroidManifest.xml:3:7-30
		INJECTED from src/main/AndroidManifest.xml
		INJECTED from src/main/AndroidManifest.xml
	android:versionName
		ADDED from src/main/AndroidManifest.xml:5:7-32
		INJECTED from src/main/AndroidManifest.xml
		INJECTED from src/main/AndroidManifest.xml
	android:versionCode
		ADDED from src/main/AndroidManifest.xml:4:7-30
		INJECTED from src/main/AndroidManifest.xml
		INJECTED from src/main/AndroidManifest.xml
	xmlns:android
		ADDED from src/main/AndroidManifest.xml:2:11-69
	android:installLocation
		ADDED from src/main/AndroidManifest.xml:6:7-37
uses-sdk
ADDED from src/main/AndroidManifest.xml:8:5-43
MERGED from [proj.android:libcocos2dx:unspecified] AndroidManifest.xml:7:5-9:41
	android:targetSdkVersion
		INJECTED from src/main/AndroidManifest.xml
		INJECTED from src/main/AndroidManifest.xml
	android:minSdkVersion
		ADDED from src/main/AndroidManifest.xml:8:15-41
		INJECTED from src/main/AndroidManifest.xml
		INJECTED from src/main/AndroidManifest.xml
uses-feature#0x00020000
ADDED from src/main/AndroidManifest.xml:9:5-54
	android:glEsVersion
		ADDED from src/main/AndroidManifest.xml:9:19-51
application
ADDED from src/main/AndroidManifest.xml:11:5-28:19
	android:label
		ADDED from src/main/AndroidManifest.xml:11:18-50
	android:icon
		ADDED from src/main/AndroidManifest.xml:12:18-47
meta-data#android.app.lib_name
ADDED from src/main/AndroidManifest.xml:15:9-16:48
	android:value
		ADDED from src/main/AndroidManifest.xml:16:19-45
	android:name
		ADDED from src/main/AndroidManifest.xml:15:20-55
activity#org.cocos2dx.lua.AppActivity
ADDED from src/main/AndroidManifest.xml:18:9-27:20
	android:screenOrientation
		ADDED from src/main/AndroidManifest.xml:20:19-55
	android:label
		ADDED from src/main/AndroidManifest.xml:19:19-51
	android:configChanges
		ADDED from src/main/AndroidManifest.xml:22:19-54
	android:theme
		ADDED from src/main/AndroidManifest.xml:21:19-77
	android:name
		ADDED from src/main/AndroidManifest.xml:18:19-62
intent-filter#android.intent.action.MAIN+android.intent.category.LAUNCHER
ADDED from src/main/AndroidManifest.xml:23:13-26:29
action#android.intent.action.MAIN
ADDED from src/main/AndroidManifest.xml:24:17-69
	android:name
		ADDED from src/main/AndroidManifest.xml:24:25-66
category#android.intent.category.LAUNCHER
ADDED from src/main/AndroidManifest.xml:25:17-77
	android:name
		ADDED from src/main/AndroidManifest.xml:25:27-74
supports-screens
ADDED from src/main/AndroidManifest.xml:30:5-34:53
	android:largeScreens
		ADDED from src/main/AndroidManifest.xml:33:23-50
	android:smallScreens
		ADDED from src/main/AndroidManifest.xml:31:23-50
	android:normalScreens
		ADDED from src/main/AndroidManifest.xml:32:23-51
	android:xlargeScreens
		ADDED from src/main/AndroidManifest.xml:34:23-51
	android:anyDensity
		ADDED from src/main/AndroidManifest.xml:30:23-48
uses-permission#android.permission.INTERNET
ADDED from src/main/AndroidManifest.xml:35:5-66
	android:name
		ADDED from src/main/AndroidManifest.xml:35:22-64
uses-permission#android.permission.CHANGE_NETWORK_STATE
ADDED from src/main/AndroidManifest.xml:36:5-78
	android:name
		ADDED from src/main/AndroidManifest.xml:36:22-76
uses-permission#android.permission.CHANGE_WIFI_STATE
ADDED from src/main/AndroidManifest.xml:37:5-75
	android:name
		ADDED from src/main/AndroidManifest.xml:37:22-73
uses-permission#android.permission.ACCESS_NETWORK_STATE
ADDED from src/main/AndroidManifest.xml:38:5-78
	android:name
		ADDED from src/main/AndroidManifest.xml:38:22-76
uses-permission#android.permission.ACCESS_WIFI_STATE
ADDED from src/main/AndroidManifest.xml:39:5-75
	android:name
		ADDED from src/main/AndroidManifest.xml:39:22-73
uses-permission#android.permission.MOUNT_UNMOUNT_FILESYSTEMS
ADDED from src/main/AndroidManifest.xml:41:4-82
	android:name
		ADDED from src/main/AndroidManifest.xml:41:21-80
uses-permission#android.permission.WRITE_EXTERNAL_STORAGE
ADDED from src/main/AndroidManifest.xml:42:3-78
	android:name
		ADDED from src/main/AndroidManifest.xml:42:20-76
uses-permission#android.permission.READ_PHONE_STATE
ADDED from src/main/AndroidManifest.xml:43:3-72
	android:name
		ADDED from src/main/AndroidManifest.xml:43:20-70